<?xml version="1.0" encoding="UTF-8"?>
<!-- Generated by org.testng.reporters.JUnitReportReporter -->
<testsuite hostname="DESKTOP-OOJDRHH" failures="0" tests="1" name="com.tests.LoginTest" time="3.117" errors="0" timestamp="2025-08-17T22:46:18 IST" skipped="0">
  <testcase classname="com.tests.LoginTest" name="testValidLogin" time="3.117"/>
</testsuite> <!-- com.tests.LoginTest -->
