<?xml version="1.0" encoding="UTF-8"?>
<!-- Generated by org.testng.reporters.JUnitReportReporter -->
<testsuite hostname="DESKTOP-OOJDRHH" failures="0" tests="1" name="com.ListenerDemo.WebOrdersTest" time="19.689" errors="0" timestamp="2025-08-19T20:15:28 IST" skipped="0">
  <testcase classname="com.ListenerDemo.WebOrdersTest" name="loginTest" time="19.689"/>
</testsuite> <!-- com.ListenerDemo.WebOrdersTest -->
