<?xml version="1.0" encoding="UTF-8"?>
<!-- Generated by org.testng.reporters.JUnitReportReporter -->
<testsuite hostname="DESKTOP-OOJDRHH" failures="0" tests="1" name="com.loggerDemo.LoggerExample" time="40.412" errors="0" timestamp="2025-08-20T09:58:00 IST" skipped="0">
  <testcase classname="com.loggerDemo.LoggerExample" name="testIframes" time="40.412"/>
</testsuite> <!-- com.loggerDemo.LoggerExample -->
