<?xml version="1.0" encoding="UTF-8"?>
<!-- Generated by org.testng.reporters.JUnitReportReporter -->
<testsuite hostname="DESKTOP-OOJDRHH" failures="0" tests="1" name="com.handleJDBC.TestJDBC" time="2.731" errors="0" timestamp="2025-08-19T19:21:17 IST" skipped="0">
  <testcase classname="com.handleJDBC.TestJDBC" name="testData" time="2.731"/>
</testsuite> <!-- com.handleJDBC.TestJDBC -->
