<?xml version="1.0" encoding="UTF-8"?>
<!-- Generated by org.testng.reporters.JUnitReportReporter -->
<testsuite hostname="DESKTOP-OOJDRHH" failures="0" tests="2" name="com.ExtentReport.WebOrdersTest" time="17.376" errors="0" timestamp="2025-08-19T22:42:02 IST" skipped="0">
  <testcase classname="com.ExtentReport.WebOrdersTest" name="validLoginTest" time="6.373"/>
  <testcase classname="com.ExtentReport.WebOrdersTest" name="invalidLoginTest" time="11.003"/>
</testsuite> <!-- com.ExtentReport.WebOrdersTest -->
